[2022-10-28T17:36:23.547Z] Log level: Info
[2022-10-28T17:36:23.553Z] [info] Validating found git in: git
[2022-10-28T17:36:23.581Z] [info] Using git 2.20.1 from git
[2022-10-28T17:36:23.620Z] > git rev-parse --show-toplevel [26ms]
[2022-10-28T17:36:23.629Z] > git rev-parse --git-dir --git-common-dir [2ms]
[2022-10-28T17:36:23.636Z] [info] Open repository: /home/dsazureuser/mildata
[2022-10-28T17:36:23.651Z] > git status -z -uall [7ms]
[2022-10-28T17:36:23.656Z] > git rev-parse --show-toplevel [6ms]
[2022-10-28T17:36:23.661Z] > git symbolic-ref --short HEAD [6ms]
[2022-10-28T17:36:23.666Z] > git rev-parse --show-toplevel [6ms]
[2022-10-28T17:36:23.670Z] > git for-each-ref --format=%(refname)%00%(upstream:short)%00%(objectname)%00%(upstream:track)%00%(upstream:remotename)%00%(upstream:remoteref) refs/heads/master refs/remotes/master [5ms]
[2022-10-28T17:36:23.679Z] > git remote --verbose [1ms]
[2022-10-28T17:36:23.680Z] > git for-each-ref --sort -committerdate --format %(refname) %(objectname) %(*objectname) [6ms]
[2022-10-28T17:36:23.685Z] > git rev-parse --show-toplevel [16ms]
[2022-10-28T17:36:23.693Z] > git rev-parse --show-toplevel [4ms]
[2022-10-28T17:36:23.698Z] > git config --get commit.template [6ms]
[2022-10-28T17:36:23.705Z] > git status -z -uall [2ms]
[2022-10-28T17:36:23.710Z] > git symbolic-ref --short HEAD [1ms]
[2022-10-28T17:36:23.715Z] > git for-each-ref --format=%(refname)%00%(upstream:short)%00%(objectname)%00%(upstream:track)%00%(upstream:remotename)%00%(upstream:remoteref) refs/heads/master refs/remotes/master [1ms]
[2022-10-28T17:36:23.724Z] > git for-each-ref --sort -committerdate --format %(refname) %(objectname) %(*objectname) [5ms]
[2022-10-28T17:36:23.724Z] > git remote --verbose [1ms]
[2022-10-28T17:36:23.731Z] > git config --get commit.template [1ms]
[2022-10-28T17:36:24.370Z] > git check-ignore -v -z --stdin [2ms]
[2022-10-28T17:36:29.274Z] > git status -z -uall [2ms]
[2022-10-28T17:36:29.280Z] > git symbolic-ref --short HEAD [1ms]
[2022-10-28T17:36:29.286Z] > git for-each-ref --format=%(refname)%00%(upstream:short)%00%(objectname)%00%(upstream:track)%00%(upstream:remotename)%00%(upstream:remoteref) refs/heads/main refs/remotes/main [1ms]
[2022-10-28T17:36:29.295Z] > git for-each-ref --sort -committerdate --format %(refname) %(objectname) %(*objectname) [5ms]
[2022-10-28T17:36:29.296Z] > git remote --verbose [2ms]
[2022-10-28T17:36:29.304Z] > git config --get commit.template [1ms]
[2022-10-28T17:37:25.056Z] > git status -z -uall [2ms]
[2022-10-28T17:37:25.062Z] > git symbolic-ref --short HEAD [1ms]
[2022-10-28T17:37:25.068Z] > git for-each-ref --format=%(refname)%00%(upstream:short)%00%(objectname)%00%(upstream:track)%00%(upstream:remotename)%00%(upstream:remoteref) refs/heads/main refs/remotes/main [1ms]
[2022-10-28T17:37:25.078Z] > git for-each-ref --sort -committerdate --format %(refname) %(objectname) %(*objectname) [6ms]
[2022-10-28T17:37:25.078Z] > git remote --verbose [2ms]
[2022-10-28T17:37:25.085Z] > git config --get commit.template [1ms]
[2022-10-28T17:37:34.745Z] > git status -z -uall [2ms]
[2022-10-28T17:37:34.751Z] > git symbolic-ref --short HEAD [1ms]
[2022-10-28T17:37:34.757Z] > git for-each-ref --format=%(refname)%00%(upstream:short)%00%(objectname)%00%(upstream:track)%00%(upstream:remotename)%00%(upstream:remoteref) refs/heads/main refs/remotes/main [1ms]
[2022-10-28T17:37:34.767Z] > git for-each-ref --sort -committerdate --format %(refname) %(objectname) %(*objectname) [6ms]
[2022-10-28T17:37:34.767Z] > git remote --verbose [1ms]
[2022-10-28T17:37:34.774Z] > git config --get commit.template [2ms]
[2022-10-28T17:39:00.797Z] > git status -z -uall [3ms]
[2022-10-28T17:39:00.802Z] > git symbolic-ref --short HEAD [1ms]
[2022-10-28T17:39:00.807Z] > git for-each-ref --format=%(refname)%00%(upstream:short)%00%(objectname)%00%(upstream:track)%00%(upstream:remotename)%00%(upstream:remoteref) refs/heads/main refs/remotes/main [1ms]
[2022-10-28T17:39:00.816Z] > git remote --verbose [2ms]
[2022-10-28T17:39:00.816Z] > git for-each-ref --sort -committerdate --format %(refname) %(objectname) %(*objectname) [5ms]
[2022-10-28T17:39:00.822Z] > git config --get commit.template [1ms]
[2022-10-28T17:40:33.808Z] > git status -z -uall [3ms]
[2022-10-28T17:40:33.813Z] > git symbolic-ref --short HEAD [1ms]
[2022-10-28T17:40:33.819Z] > git for-each-ref --format=%(refname)%00%(upstream:short)%00%(objectname)%00%(upstream:track)%00%(upstream:remotename)%00%(upstream:remoteref) refs/heads/main refs/remotes/main [2ms]
[2022-10-28T17:40:33.829Z] > git for-each-ref --sort -committerdate --format %(refname) %(objectname) %(*objectname) [5ms]
[2022-10-28T17:40:33.830Z] > git remote --verbose [2ms]
[2022-10-28T17:40:33.837Z] > git config --get commit.template [1ms]
[2022-10-28T17:40:43.423Z] > git status -z -uall [2ms]
[2022-10-28T17:40:43.429Z] > git symbolic-ref --short HEAD [1ms]
[2022-10-28T17:40:43.435Z] > git for-each-ref --format=%(refname)%00%(upstream:short)%00%(objectname)%00%(upstream:track)%00%(upstream:remotename)%00%(upstream:remoteref) refs/heads/main refs/remotes/main [2ms]
[2022-10-28T17:40:43.443Z] > git for-each-ref --sort -committerdate --format %(refname) %(objectname) %(*objectname) [5ms]
[2022-10-28T17:40:43.444Z] > git remote --verbose [2ms]
[2022-10-28T17:40:43.450Z] > git config --get commit.template [1ms]
[2022-10-28T17:41:41.336Z] > git status -z -uall [2ms]
[2022-10-28T17:41:41.343Z] > git symbolic-ref --short HEAD [3ms]
[2022-10-28T17:41:41.349Z] > git for-each-ref --format=%(refname)%00%(upstream:short)%00%(objectname)%00%(upstream:track)%00%(upstream:remotename)%00%(upstream:remoteref) refs/heads/main refs/remotes/main [0ms]
[2022-10-28T17:41:41.359Z] > git for-each-ref --sort -committerdate --format %(refname) %(objectname) %(*objectname) [4ms]
[2022-10-28T17:41:41.360Z] > git remote --verbose [2ms]
[2022-10-28T17:41:41.366Z] > git config --get commit.template [1ms]
[2022-10-28T17:42:03.818Z] > git status -z -uall [2ms]
[2022-10-28T17:42:03.825Z] > git symbolic-ref --short HEAD [2ms]
[2022-10-28T17:42:03.829Z] > git for-each-ref --format=%(refname)%00%(upstream:short)%00%(objectname)%00%(upstream:track)%00%(upstream:remotename)%00%(upstream:remoteref) refs/heads/main refs/remotes/main [1ms]
[2022-10-28T17:42:03.838Z] > git for-each-ref --sort -committerdate --format %(refname) %(objectname) %(*objectname) [5ms]
[2022-10-28T17:42:03.838Z] > git remote --verbose [1ms]
[2022-10-28T17:42:03.844Z] > git config --get commit.template [1ms]
[2022-10-28T17:49:50.922Z] > git status -z -uall [1ms]
[2022-10-28T17:49:50.928Z] > git symbolic-ref --short HEAD [1ms]
[2022-10-28T17:49:50.933Z] > git for-each-ref --format=%(refname)%00%(upstream:short)%00%(objectname)%00%(upstream:track)%00%(upstream:remotename)%00%(upstream:remoteref) refs/heads/main refs/remotes/main [1ms]
[2022-10-28T17:49:50.940Z] > git for-each-ref --sort -committerdate --format %(refname) %(objectname) %(*objectname) [4ms]
[2022-10-28T17:49:50.941Z] > git remote --verbose [1ms]
[2022-10-28T17:49:50.948Z] > git config --get commit.template [0ms]
[2022-10-28T17:50:41.877Z] > git status -z -uall [3ms]
[2022-10-28T17:50:41.882Z] > git symbolic-ref --short HEAD [1ms]
[2022-10-28T17:50:41.886Z] > git for-each-ref --format=%(refname)%00%(upstream:short)%00%(objectname)%00%(upstream:track)%00%(upstream:remotename)%00%(upstream:remoteref) refs/heads/main refs/remotes/main [1ms]
[2022-10-28T17:50:41.895Z] > git for-each-ref --sort -committerdate --format %(refname) %(objectname) %(*objectname) [5ms]
[2022-10-28T17:50:41.895Z] > git remote --verbose [1ms]
[2022-10-28T17:50:41.906Z] > git config --get commit.template [1ms]
[2022-10-28T17:51:47.651Z] > git status -z -uall [2ms]
[2022-10-28T17:51:47.657Z] > git symbolic-ref --short HEAD [1ms]
[2022-10-28T17:51:47.662Z] > git for-each-ref --format=%(refname)%00%(upstream:short)%00%(objectname)%00%(upstream:track)%00%(upstream:remotename)%00%(upstream:remoteref) refs/heads/main refs/remotes/main [1ms]
[2022-10-28T17:51:47.671Z] > git for-each-ref --sort -committerdate --format %(refname) %(objectname) %(*objectname) [5ms]
[2022-10-28T17:51:47.671Z] > git remote --verbose [1ms]
[2022-10-28T17:51:47.683Z] > git config --get commit.template [1ms]
[2022-10-28T17:51:52.691Z] > git status -z -uall [2ms]
[2022-10-28T17:51:52.696Z] > git symbolic-ref --short HEAD [1ms]
[2022-10-28T17:51:52.701Z] > git for-each-ref --format=%(refname)%00%(upstream:short)%00%(objectname)%00%(upstream:track)%00%(upstream:remotename)%00%(upstream:remoteref) refs/heads/main refs/remotes/main [1ms]
[2022-10-28T17:51:52.709Z] > git for-each-ref --sort -committerdate --format %(refname) %(objectname) %(*objectname) [4ms]
[2022-10-28T17:51:52.710Z] > git remote --verbose [2ms]
[2022-10-28T17:51:52.717Z] > git config --get commit.template [1ms]
[2022-10-28T17:51:58.984Z] > git status -z -uall [2ms]
[2022-10-28T17:51:58.989Z] > git symbolic-ref --short HEAD [1ms]
[2022-10-28T17:51:58.994Z] > git for-each-ref --format=%(refname)%00%(upstream:short)%00%(objectname)%00%(upstream:track)%00%(upstream:remotename)%00%(upstream:remoteref) refs/heads/main refs/remotes/main [1ms]
[2022-10-28T17:51:59.003Z] > git for-each-ref --sort -committerdate --format %(refname) %(objectname) %(*objectname) [6ms]
[2022-10-28T17:51:59.003Z] > git remote --verbose [1ms]
[2022-10-28T17:51:59.010Z] > git config --get commit.template [2ms]
[2022-10-28T17:52:09.441Z] > git status -z -uall [2ms]
[2022-10-28T17:52:09.447Z] > git symbolic-ref --short HEAD [1ms]
[2022-10-28T17:52:09.452Z] > git for-each-ref --format=%(refname)%00%(upstream:short)%00%(objectname)%00%(upstream:track)%00%(upstream:remotename)%00%(upstream:remoteref) refs/heads/main refs/remotes/main [1ms]
[2022-10-28T17:52:09.460Z] > git for-each-ref --sort -committerdate --format %(refname) %(objectname) %(*objectname) [4ms]
[2022-10-28T17:52:09.461Z] > git remote --verbose [2ms]
[2022-10-28T17:52:09.469Z] > git config --get commit.template [1ms]
[2022-10-28T17:52:52.124Z] > git check-ignore -v -z --stdin [2ms]
[2022-10-28T17:52:53.689Z] > git check-ignore -v -z --stdin [1ms]
