[2022-10-28T15:32:53.663Z] Log level: Info
[2022-10-28T15:32:53.676Z] [info] Validating found git in: git
[2022-10-28T15:32:53.719Z] [info] Using git 2.20.1 from git
[2022-10-28T15:32:53.766Z] > git rev-parse --show-toplevel [28ms]
[2022-10-28T15:32:53.766Z] fatal: not a git repository (or any of the parent directories): .git
[2022-10-28T15:32:54.469Z] > git rev-parse --show-toplevel [1ms]
[2022-10-28T15:32:54.469Z] fatal: not a git repository (or any of the parent directories): .git
[2022-10-28T15:32:54.499Z] > git rev-parse --show-toplevel [9ms]
[2022-10-28T15:32:54.499Z] fatal: not a git repository (or any of the parent directories): .git
[2022-10-28T15:33:40.923Z] > git rev-parse --show-toplevel [7ms]
[2022-10-28T15:33:40.923Z] fatal: not a git repository (or any of the parent directories): .git
[2022-10-28T15:35:37.427Z] > git rev-parse --show-toplevel [0ms]
[2022-10-28T15:35:37.434Z] > git rev-parse --git-dir --git-common-dir [1ms]
[2022-10-28T15:35:37.442Z] [info] Open repository: /home/dsazureuser/mildata
[2022-10-28T15:35:37.453Z] > git status -z -uall [2ms]
[2022-10-28T15:35:37.458Z] > git symbolic-ref --short HEAD [1ms]
[2022-10-28T15:35:37.464Z] > git for-each-ref --format=%(refname)%00%(upstream:short)%00%(objectname)%00%(upstream:track)%00%(upstream:remotename)%00%(upstream:remoteref) refs/heads/master refs/remotes/master [1ms]
[2022-10-28T15:35:37.474Z] > git remote --verbose [2ms]
[2022-10-28T15:35:37.475Z] > git for-each-ref --sort -committerdate --format %(refname) %(objectname) %(*objectname) [7ms]
[2022-10-28T15:35:37.486Z] > git config --get commit.template [2ms]
[2022-10-28T15:35:37.495Z] > git status -z -uall [3ms]
[2022-10-28T15:35:37.500Z] > git symbolic-ref --short HEAD [1ms]
[2022-10-28T15:35:37.506Z] > git for-each-ref --format=%(refname)%00%(upstream:short)%00%(objectname)%00%(upstream:track)%00%(upstream:remotename)%00%(upstream:remoteref) refs/heads/master refs/remotes/master [2ms]
[2022-10-28T15:35:37.514Z] > git for-each-ref --sort -committerdate --format %(refname) %(objectname) %(*objectname) [5ms]
[2022-10-28T15:35:37.515Z] > git remote --verbose [2ms]
[2022-10-28T15:35:37.522Z] > git config --get commit.template [2ms]
[2022-10-28T15:35:38.079Z] > git check-ignore -v -z --stdin [1ms]
[2022-10-28T15:35:53.856Z] > git check-ignore -v -z --stdin [2ms]
[2022-10-28T15:35:54.837Z] > git show --textconv :packagename/packagename.py [18ms]
[2022-10-28T15:35:54.838Z] > git ls-files --stage -- /home/dsazureuser/mildata/packagename/packagename.py [2ms]
[2022-10-28T15:35:54.847Z] > git cat-file -s e69de29bb2d1d6434b8b29ae775ad8c2e48c5391 [3ms]
[2022-10-28T15:35:56.164Z] > git show --textconv :packagename/version.py [6ms]
[2022-10-28T15:35:56.167Z] > git ls-files --stage -- /home/dsazureuser/mildata/packagename/version.py [3ms]
[2022-10-28T15:35:56.174Z] > git cat-file -s f60fb7a4e4dc6ecd99dd984c3d544ebddd738732 [2ms]
[2022-10-28T15:36:02.261Z] > git check-ignore -v -z --stdin [2ms]
[2022-10-28T15:36:03.681Z] > git check-ignore -v -z --stdin [3ms]
[2022-10-28T15:36:07.051Z] > git show --textconv :setup.py [6ms]
[2022-10-28T15:36:07.052Z] > git ls-files --stage -- /home/dsazureuser/mildata/setup.py [2ms]
[2022-10-28T15:36:07.057Z] > git cat-file -s 6f4a795f6ce16502e5436c2344037f9236962c08 [2ms]
[2022-10-28T15:36:31.817Z] > git show --textconv :packagename/__init__.py [5ms]
[2022-10-28T15:36:31.818Z] > git ls-files --stage -- /home/dsazureuser/mildata/packagename/__init__.py [1ms]
[2022-10-28T15:36:31.823Z] > git cat-file -s e69de29bb2d1d6434b8b29ae775ad8c2e48c5391 [1ms]
[2022-10-28T15:37:19.727Z] > git show --textconv :script/test [6ms]
[2022-10-28T15:37:19.727Z] > git ls-files --stage -- /home/dsazureuser/mildata/script/test [1ms]
[2022-10-28T15:37:19.732Z] > git cat-file -s 5656aeff17d913e9e19f4592eb0091110bc90e20 [1ms]
[2022-10-28T15:37:23.994Z] > git show --textconv :setup.py [5ms]
[2022-10-28T15:37:23.995Z] > git ls-files --stage -- /home/dsazureuser/mildata/setup.py [2ms]
[2022-10-28T15:37:23.999Z] > git cat-file -s 6f4a795f6ce16502e5436c2344037f9236962c08 [1ms]
[2022-10-28T15:37:27.002Z] > git show --textconv :README.md [9ms]
[2022-10-28T15:37:27.007Z] > git ls-files --stage -- /home/dsazureuser/mildata/README.md [5ms]
[2022-10-28T15:37:27.021Z] > git cat-file -s 70a0f9962f608a84d528228c8fa6d6680a2aa649 [2ms]
